<?xml version="1.0" encoding="utf-8"?><testsuites name="pytest tests"><testsuite name="pytest" errors="0" failures="0" skipped="0" tests="5" time="0.112" timestamp="2025-08-17T20:59:19.243371-03:00" hostname="BrunoPC"><testcase classname="testes.test_bytebank.TestClass" name="test_quando_idade_recebe_13_03_2000_deve_retornar_22" time="0.002" /><testcase classname="testes.test_bytebank.TestClass" name="test_quando_sobrenome_recebe_Lucas_Carvalho_deve_retornar_Carvalho" time="0.001" /><testcase classname="testes.test_bytebank.TestClass" name="test_quando_decrescimo_salario_recebe_100000_deve_retornar_90000" time="0.001" /><testcase classname="testes.test_bytebank.TestClass" name="test_quando_calcular_bonus_recebe_1000_deve_retornar_100" time="0.001" /><testcase classname="testes.test_bytebank.TestClass" name="test_quando_calcular_bonus_recebe_10000000000_deve_retornar_exception" time="0.001" /></testsuite></testsuites>